1641383843202	geckodriver	INFO	Listening on 127.0.0.1:58426
1641383846237	mozrunner::runner	INFO	Running command: "C:\\Program Files\\Mozilla Firefox\\firefox.exe" "--marionette" "--remote-debugging-port" "58427" "-no-remote" "-profile" "C:\\Users\\THELET~1\\AppData\\Local\\Temp\\rust_mozprofile4tizuh"
1641383847025	Marionette	INFO	Marionette enabled
console.warn: SearchSettings: "get: No settings file exists, new profile?" (new NotFoundError("Could not open the file at C:\\Users\\theletterjeff\\AppData\\Local\\Temp\\rust_mozprofile4tizuh\\search.json.mozlz4", (void 0)))
DevTools listening on ws://localhost:58427/devtools/browser/0c5965ad-1f20-4aba-97e8-aa8a0f54a67d
1641383850634	Marionette	INFO	Listening on port 58432
1641383851116	RemoteAgent	WARN	TLS certificate errors will be ignored for this session
1641383911852	Marionette	INFO	Stopped listening on port 58432
console.warn: TopSitesFeed: Failed to fetch data from Contile server: NetworkError when attempting to fetch resource.
1641384089772	geckodriver	INFO	Listening on 127.0.0.1:58644
1641384092834	mozrunner::runner	INFO	Running command: "C:\\Program Files\\Mozilla Firefox\\firefox.exe" "--marionette" "--remote-debugging-port" "58645" "-no-remote" "-profile" "C:\\Users\\THELET~1\\AppData\\Local\\Temp\\rust_mozprofileyGdeop"
1641384093448	Marionette	INFO	Marionette enabled
console.warn: SearchSettings: "get: No settings file exists, new profile?" (new NotFoundError("Could not open the file at C:\\Users\\theletterjeff\\AppData\\Local\\Temp\\rust_mozprofileyGdeop\\search.json.mozlz4", (void 0)))
DevTools listening on ws://localhost:58645/devtools/browser/626bfedc-0d13-4f16-ac29-40f4a737c4c5
1641384097348	Marionette	INFO	Listening on port 58652
1641384097791	RemoteAgent	WARN	TLS certificate errors will be ignored for this session
1641384115338	Marionette	INFO	Stopped listening on port 58652
console.warn: TopSitesFeed: Failed to fetch data from Contile server: NetworkError when attempting to fetch resource.
1641384145801	geckodriver	INFO	Listening on 127.0.0.1:58767
1641384148883	mozrunner::runner	INFO	Running command: "C:\\Program Files\\Mozilla Firefox\\firefox.exe" "--marionette" "--remote-debugging-port" "58768" "-no-remote" "-profile" "C:\\Users\\THELET~1\\AppData\\Local\\Temp\\rust_mozprofileB66vJN"
1641384149472	Marionette	INFO	Marionette enabled
console.warn: SearchSettings: "get: No settings file exists, new profile?" (new NotFoundError("Could not open the file at C:\\Users\\theletterjeff\\AppData\\Local\\Temp\\rust_mozprofileB66vJN\\search.json.mozlz4", (void 0)))
DevTools listening on ws://localhost:58768/devtools/browser/30536913-a04c-4165-b7a1-a13a74c57b36
1641384153534	Marionette	INFO	Listening on port 58773
1641384153811	RemoteAgent	WARN	TLS certificate errors will be ignored for this session
1641384157644	Marionette	INFO	Stopped listening on port 58773
console.warn: TopSitesFeed: Failed to fetch data from Contile server: NetworkError when attempting to fetch resource.
1641384185728	geckodriver	INFO	Listening on 127.0.0.1:58846
1641384188855	mozrunner::runner	INFO	Running command: "C:\\Program Files\\Mozilla Firefox\\firefox.exe" "--marionette" "--remote-debugging-port" "58847" "-no-remote" "-profile" "C:\\Users\\THELET~1\\AppData\\Local\\Temp\\rust_mozprofileSoCrH6"
1641384189604	Marionette	INFO	Marionette enabled
console.warn: SearchSettings: "get: No settings file exists, new profile?" (new NotFoundError("Could not open the file at C:\\Users\\theletterjeff\\AppData\\Local\\Temp\\rust_mozprofileSoCrH6\\search.json.mozlz4", (void 0)))
DevTools listening on ws://localhost:58847/devtools/browser/614aec51-4864-4e6c-9c90-b7b48fcbb6ce
1641384193798	Marionette	INFO	Listening on port 58853
1641384194337	RemoteAgent	WARN	TLS certificate errors will be ignored for this session
console.log: WebExtensions: reset-default-search: starting.
console.log: WebExtensions: reset-default-search: No addons in our list are installed.
1641385036172	Marionette	INFO	Stopped listening on port 58853
console.warn: TopSitesFeed: Failed to fetch data from Contile server: NetworkError when attempting to fetch resource.
FO	Marionette enabled
console.warn: SearchSettings: "get: No settings file exists, new profile?" (new NotFoundError("Could not open the file at C:\\Users\\theletterjeff\\AppData\\Local\\Temp\\rust_mozprofileHIyHVw\\search.json.mozlz4", (void 0)))
DevTools listening on ws://localhost:58920/devtools/browser/83eedb2f-ffc2-4159-920d-73826e57d994
1641384266507	Marionette	INFO	Listening on port 58925
1641384266791	RemoteAgent	WARN	TLS certificate errors will be ignored for this session
console.log: WebExtensions: reset-default-search: starting.
console.log: WebExtensions: reset-default-search: No addons in our list are installed.
1641385035133	Marionette	INFO	Stopped listening on port 58925
console.warn: TopSitesFeed: Failed to fetch data from Contile server: NetworkError when attempting to fetch resource.
FO	Marionette enabled
console.warn: SearchSettings: "get: No settings file exists, new profile?" (new NotFoundError("Could not open the file at C:\\Users\\theletterjeff\\AppData\\Local\\Temp\\rust_mozprofilemitiJg\\search.json.mozlz4", (void 0)))
DevTools listening on ws://localhost:58996/devtools/browser/a44460db-264a-4079-b960-5ef350d64b67
1641384309092	Marionette	INFO	Listening on port 59001
1641384309518	RemoteAgent	WARN	TLS certificate errors will be ignored for this session
console.log: WebExtensions: reset-default-search: starting.
console.log: WebExtensions: reset-default-search: No addons in our list are installed.
1641385034054	Marionette	INFO	Stopped listening on port 59001
console.warn: TopSitesFeed: Failed to fetch data from Contile server: NetworkError when attempting to fetch resource.
FO	Marionette enabled
console.warn: SearchSettings: "get: No settings file exists, new profile?" (new NotFoundError("Could not open the file at C:\\Users\\theletterjeff\\AppData\\Local\\Temp\\rust_mozprofileeXvRWn\\search.json.mozlz4", (void 0)))
DevTools listening on ws://localhost:59109/devtools/browser/6e4a27a3-ac52-488d-873f-f46ea29d47ff
1641384387934	Marionette	INFO	Listening on port 59114
1641384388230	RemoteAgent	WARN	TLS certificate errors will be ignored for this session
JavaScript error: resource://gre/modules/XULStore.jsm, line 66: Error: Can't find profile directory.
JavaScript error: resource://gre/modules/XULStore.jsm, line 66: Error: Can't find profile directory.
console.log: WebExtensions: reset-default-search: starting.
console.log: WebExtensions: reset-default-search: No addons in our list are installed.
1641385033009	Marionette	INFO	Stopped listening on port 59114
console.warn: TopSitesFeed: Failed to fetch data from Contile server: NetworkError when attempting to fetch resource.
JavaScript error: chrome://remote/content/marionette/cert.js, line 55: NS_ERROR_NOT_AVAILABLE: Component returned failure code: 0x80040111 (NS_ERROR_NOT_AVAILABLE) [nsICertOverrideService.setDisableAllSecurityChecksAndLetAttackersInterceptMyData]

DevTools listening on ws://localhost:59251/devtools/browser/b024dbd9-0481-41e9-84fe-a38c8c7cedc0
1641384656714	Marionette	INFO	Listening on port 59256
1641384657001	RemoteAgent	WARN	TLS certificate errors will be ignored for this session
JavaScript error: resource://gre/modules/XULStore.jsm, line 66: Error: Can't find profile directory.
JavaScript error: resource://gre/modules/XULStore.jsm, line 66: Error: Can't find profile directory.
1641385031904	Marionette	INFO	Stopped listening on port 59256
console.warn: TopSitesFeed: Failed to fetch data from Contile server: NetworkError when attempting to fetch resource.
JavaScript error: chrome://remote/content/marionette/cert.js, line 55: NS_ERROR_NOT_AVAILABLE: Component returned failure code: 0x80040111 (NS_ERROR_NOT_AVAILABLE) [nsICertOverrideService.setDisableAllSecurityChecksAndLetAttackersInterceptMyData]

###!!! [Child][RunMessage] Error: Channel closing: too late to send/recv, messages will be lost


###!!! [Parent][RunMessage] Error: Channel closing: too late to send/recv, messages will be lost

rowser/d6524a70-67f1-48a6-8e57-b810b5452795
1641384855469	Marionette	INFO	Listening on port 59439
1641384855947	RemoteAgent	WARN	TLS certificate errors will be ignored for this session
JavaScript error: resource://gre/modules/XULStore.jsm, line 66: Error: Can't find profile directory.
JavaScript error: resource://gre/modules/XULStore.jsm, line 66: Error: Can't find profile directory.
1641385030590	Marionette	INFO	Stopped listening on port 59439
console.warn: TopSitesFeed: Failed to fetch data from Contile server: NetworkError when attempting to fetch resource.
1641385322039	geckodriver	INFO	Listening on 127.0.0.1:51409
1641385325144	mozrunner::runner	INFO	Running command: "C:\\Program Files\\Mozilla Firefox\\firefox.exe" "--marionette" "--remote-debugging-port" "51410" "-no-remote" "-profile" "C:\\Users\\THELET~1\\AppData\\Local\\Temp\\rust_mozprofilekCUORe"
1641385325805	Marionette	INFO	Marionette enabled
console.warn: SearchSettings: "get: No settings file exists, new profile?" (new NotFoundError("Could not open the file at C:\\Users\\theletterjeff\\AppData\\Local\\Temp\\rust_mozprofilekCUORe\\search.json.mozlz4", (void 0)))
DevTools listening on ws://localhost:51410/devtools/browser/5351408f-0b9f-4d90-aa61-c8fecce98a91
1641385330588	Marionette	INFO	Listening on port 51415
1641385331092	RemoteAgent	WARN	TLS certificate errors will be ignored for this session
JavaScript error: resource://gre/modules/XULStore.jsm, line 66: Error: Can't find profile directory.
JavaScript error: resource://gre/modules/XULStore.jsm, line 66: Error: Can't find profile directory.
1641385719373	Marionette	INFO	Stopped listening on port 51415
console.warn: TopSitesFeed: Failed to fetch data from Contile server: NetworkError when attempting to fetch resource.
remote-debugging-port" "51544" "-no-remote" "-profile" "C:\\Users\\THELET~1\\AppData\\Local\\Temp\\rust_mozprofileeJbxIz"
1641385462132	Marionette	INFO	Marionette enabled
console.warn: SearchSettings: "get: No settings file exists, new profile?" (new NotFoundError("Could not open the file at C:\\Users\\theletterjeff\\AppData\\Local\\Temp\\rust_mozprofileeJbxIz\\search.json.mozlz4", (void 0)))
DevTools listening on ws://localhost:51544/devtools/browser/8312c592-ffaf-4d35-899f-44e18cbac56b
1641385467372	Marionette	INFO	Listening on port 51550
1641385467854	RemoteAgent	WARN	TLS certificate errors will be ignored for this session
JavaScript error: resource://gre/modules/XULStore.jsm, line 66: Error: Can't find profile directory.
JavaScript error: resource://gre/modules/XULStore.jsm, line 66: Error: Can't find profile directory.
1641385715652	Marionette	INFO	Stopped listening on port 51550
console.warn: TopSitesFeed: Failed to fetch data from Contile server: NetworkError when attempting to fetch resource.
JavaScript error: chrome://remote/content/marionette/cert.js, line 55: NS_ERROR_NOT_AVAILABLE: Component returned failure code: 0x80040111 (NS_ERROR_NOT_AVAILABLE) [nsICertOverrideService.setDisableAllSecurityChecksAndLetAttackersInterceptMyData]
new NotFoundError("Could not open the file at C:\\Users\\theletterjeff\\AppData\\Local\\Temp\\rust_mozprofilehR5hVl\\search.json.mozlz4", (void 0)))
DevTools listening on ws://localhost:51660/devtools/browser/dc5b18ab-bffb-43e6-a93b-f0fda92ee2f4
1641385589309	Marionette	INFO	Listening on port 51665
1641385589797	RemoteAgent	WARN	TLS certificate errors will be ignored for this session
1641385654462	Marionette	INFO	Stopped listening on port 51665
console.warn: TopSitesFeed: Failed to fetch data from Contile server: NetworkError when attempting to fetch resource.
1641385664065	geckodriver	INFO	Listening on 127.0.0.1:51743
1641385667154	mozrunner::runner	INFO	Running command: "C:\\Program Files\\Mozilla Firefox\\firefox.exe" "--marionette" "--remote-debugging-port" "51744" "-no-remote" "-profile" "C:\\Users\\THELET~1\\AppData\\Local\\Temp\\rust_mozprofileLs2DKb"
1641385667703	Marionette	INFO	Marionette enabled
console.warn: SearchSettings: "get: No settings file exists, new profile?" (new NotFoundError("Could not open the file at C:\\Users\\theletterjeff\\AppData\\Local\\Temp\\rust_mozprofileLs2DKb\\search.json.mozlz4", (void 0)))
DevTools listening on ws://localhost:51744/devtools/browser/7ed0d381-4375-4809-80b1-6686dae97211
1641385671595	Marionette	INFO	Listening on port 51749
1641385672063	RemoteAgent	WARN	TLS certificate errors will be ignored for this session
1641385698682	Marionette	INFO	Stopped listening on port 51749
console.warn: TopSitesFeed: Failed to fetch data from Contile server: NetworkError when attempting to fetch resource.
1641385975911	geckodriver	INFO	Listening on 127.0.0.1:51858
1641385978964	mozrunner::runner	INFO	Running command: "C:\\Program Files\\Mozilla Firefox\\firefox.exe" "--marionette" "--remote-debugging-port" "51859" "-no-remote" "-profile" "C:\\Users\\THELET~1\\AppData\\Local\\Temp\\rust_mozprofileBfKQtm"
1641385979705	Marionette	INFO	Marionette enabled
console.warn: SearchSettings: "get: No settings file exists, new profile?" (new NotFoundError("Could not open the file at C:\\Users\\theletterjeff\\AppData\\Local\\Temp\\rust_mozprofileBfKQtm\\search.json.mozlz4", (void 0)))
DevTools listening on ws://localhost:51859/devtools/browser/0d36fb3c-3311-4b2b-bcd4-c4728c7266b0
1641385984213	Marionette	INFO	Listening on port 51865
1641385984349	RemoteAgent	WARN	TLS certificate errors will be ignored for this session
JavaScript error: resource://gre/modules/XULStore.jsm, line 66: Error: Can't find profile directory.
JavaScript error: resource://gre/modules/XULStore.jsm, line 66: Error: Can't find profile directory.
1641386240665	Marionette	INFO	Stopped listening on port 51865
console.warn: TopSitesFeed: Failed to fetch data from Contile server: NetworkError when attempting to fetch resource.
remote-debugging-port" "51945" "-no-remote" "-profile" "C:\\Users\\THELET~1\\AppData\\Local\\Temp\\rust_mozprofile2u7ta7"
1641386021329	Marionette	INFO	Marionette enabled
console.warn: SearchSettings: "get: No settings file exists, new profile?" (new NotFoundError("Could not open the file at C:\\Users\\theletterjeff\\AppData\\Local\\Temp\\rust_mozprofile2u7ta7\\search.json.mozlz4", (void 0)))
DevTools listening on ws://localhost:51945/devtools/browser/fd0ec176-690c-4700-a685-da43597258c6
1641386025500	Marionette	INFO	Listening on port 51952
1641386026016	RemoteAgent	WARN	TLS certificate errors will be ignored for this session
JavaScript error: resource://gre/modules/XULStore.jsm, line 66: Error: Can't find profile directory.
JavaScript error: resource://gre/modules/XULStore.jsm, line 66: Error: Can't find profile directory.
1641386239394	Marionette	INFO	Stopped listening on port 51952
console.warn: TopSitesFeed: Failed to fetch data from Contile server: NetworkError when attempting to fetch resource.
JavaScript error: chrome://remote/content/marionette/cert.js, line 55: NS_ERROR_NOT_AVAILABLE: Component returned failure code: 0x80040111 (NS_ERROR_NOT_AVAILABLE) [nsICertOverrideService.setDisableAllSecurityChecksAndLetAttackersInterceptMyData]
new NotFoundError("Could not open the file at C:\\Users\\theletterjeff\\AppData\\Local\\Temp\\rust_mozprofilead3CQ3\\search.json.mozlz4", (void 0)))
DevTools listening on ws://localhost:52052/devtools/browser/598b24d1-6030-43f4-a3a7-f5e9a680eb0b
1641386172980	Marionette	INFO	Listening on port 52059
1641386173419	RemoteAgent	WARN	TLS certificate errors will be ignored for this session
JavaScript error: resource://gre/modules/XULStore.jsm, line 66: Error: Can't find profile directory.
JavaScript error: resource://gre/modules/XULStore.jsm, line 66: Error: Can't find profile directory.
1641386237285	Marionette	INFO	Stopped listening on port 52059
console.warn: TopSitesFeed: Failed to fetch data from Contile server: NetworkError when attempting to fetch resource.
